<?xml version="1.0" encoding="UTF-8"?>
<coverage generated="1623479261255" clover="3.2.0">
  <project timestamp="1623479261255" name="All files">
    <metrics statements="7" coveredstatements="7" conditionals="0" coveredconditionals="0" methods="6" coveredmethods="6" elements="13" coveredelements="13" complexity="0" loc="7" ncloc="7" packages="1" files="1" classes="1"/>
    <file name="calculator.js" path="C:\Users\hp\Downloads\Advance Javascript\Advanced DOM and Writing Test\Writing Test With Jest\Block - 3\TA-JS-advanced-dom-and-test-TJaaan\block-BJaajd\code\calculator.js">
      <metrics statements="7" coveredstatements="7" conditionals="0" coveredconditionals="0" methods="6" coveredmethods="6"/>
      <line num="2" count="1" type="stmt"/>
      <line num="6" count="1" type="stmt"/>
      <line num="10" count="1" type="stmt"/>
      <line num="14" count="1" type="stmt"/>
      <line num="18" count="1" type="stmt"/>
      <line num="22" count="1" type="stmt"/>
      <line num="25" count="1" type="stmt"/>
    </file>
  </project>
</coverage>
